This file contains any messages produced by compilers while
running configure, to aid debugging if configure makes a mistake.

It was created by readline configure 8.2, which was
generated by GNU Autoconf 2.71.  Invocation command line was

  $ ./configure --prefix=/home/kali/Desktop/github/42-minishell/readline/readline_out /home/kali/Documents/42-minishell/readline/readline_out

## --------- ##
## Platform. ##
## --------- ##

hostname = matrix
uname -m = x86_64
uname -r = 6.6.15-amd64
uname -s = Linux
uname -v = #1 SMP PREEMPT_DYNAMIC Kali 6.6.15-2kali1 (2024-05-17)

/usr/bin/uname -p = unknown
/bin/uname -X     = unknown

/bin/arch              = x86_64
/usr/bin/arch -k       = unknown
/usr/convex/getsysinfo = unknown
/usr/bin/hostinfo      = unknown
/bin/machine           = unknown
/usr/bin/oslevel       = unknown
/bin/universe          = unknown

PATH: /usr/local/sbin/
PATH: /usr/sbin/
PATH: /sbin/
PATH: /usr/local/bin/
PATH: /usr/bin/
PATH: /bin/
PATH: /usr/local/games/
PATH: /usr/games/
PATH: /snap/bin/
PATH: /home/kali/.dotnet/tools/


## ----------- ##
## Core tests. ##
## ----------- ##

configure:2751: looking for aux files: install-sh config.guess config.sub
configure:2764:  trying ././support/
configure:2778:   ././support/install.sh found
configure:2793:   ././support/config.guess found
configure:2793:   ././support/config.sub found
configure:2921: checking build system type
configure:2933: error: /bin/bash ././support/config.sub /home/kali/Documents/42-minishell/readline/readline_out failed

## ---------------- ##
## Cache variables. ##
## ---------------- ##

ac_cv_build=
ac_cv_env_CC_set=
ac_cv_env_CC_value=
ac_cv_env_CFLAGS_set=
ac_cv_env_CFLAGS_value=
ac_cv_env_CPPFLAGS_set=
ac_cv_env_CPPFLAGS_value=
ac_cv_env_CPP_set=
ac_cv_env_CPP_value=
ac_cv_env_LDFLAGS_set=
ac_cv_env_LDFLAGS_value=
ac_cv_env_LIBS_set=
ac_cv_env_LIBS_value=
ac_cv_env_build_alias_set=set
ac_cv_env_build_alias_value=/home/kali/Documents/42-minishell/readline/readline_out
ac_cv_env_host_alias_set=set
ac_cv_env_host_alias_value=/home/kali/Documents/42-minishell/readline/readline_out
ac_cv_env_target_alias_set=set
ac_cv_env_target_alias_value=/home/kali/Documents/42-minishell/readline/readline_out

## ----------------- ##
## Output variables. ##
## ----------------- ##

AR=''
ARFLAGS=''
BRACKETED_PASTE=''
BUILD_DIR=''
CC=''
CFLAGS=''
CPP=''
CPPFLAGS=''
CROSS_COMPILE=''
DEFS=''
ECHO_C=''
ECHO_N='-n'
ECHO_T=''
EGREP=''
EXAMPLES_INSTALL_TARGET=''
EXEEXT=''
GREP=''
INSTALL_DATA=''
INSTALL_PROGRAM=''
INSTALL_SCRIPT=''
LDFLAGS=''
LIBOBJS=''
LIBS=''
LIBVERSION='8.2'
LOCAL_CFLAGS=''
LOCAL_DEFS=''
LOCAL_LDFLAGS=''
LTLIBOBJS=''
MAKE_SHELL=''
OBJEXT=''
PACKAGE_BUGREPORT='bug-readline@gnu.org'
PACKAGE_NAME='readline'
PACKAGE_STRING='readline 8.2'
PACKAGE_TARNAME='readline'
PACKAGE_URL=''
PACKAGE_VERSION='8.2'
PATH_SEPARATOR=':'
RANLIB=''
SET_MAKE=''
SHARED_INSTALL_TARGET=''
SHARED_TARGET=''
SHELL='/bin/bash'
SHLIB_DLLVERSION=''
SHLIB_DOT=''
SHLIB_LIBPREF=''
SHLIB_LIBS=''
SHLIB_LIBSUFF=''
SHLIB_LIBVERSION=''
SHLIB_MAJOR=''
SHLIB_MINOR=''
SHLIB_STATUS=''
SHLIB_XLDFLAGS=''
SHOBJ_CC=''
SHOBJ_CFLAGS=''
SHOBJ_LD=''
SHOBJ_LDFLAGS=''
SHOBJ_LIBS=''
SHOBJ_STATUS=''
SHOBJ_XLDFLAGS=''
STATIC_INSTALL_TARGET=''
STATIC_TARGET=''
TERMCAP_LIB=''
TERMCAP_PKG_CONFIG_LIB=''
ac_ct_CC=''
bindir='${exec_prefix}/bin'
build='/home/kali/Documents/42-minishell/readline/readline_out'
build_alias='/home/kali/Documents/42-minishell/readline/readline_out'
build_cpu=''
build_os=''
build_vendor=''
datadir='${datarootdir}'
datarootdir='${prefix}/share'
docdir='${datarootdir}/doc/${PACKAGE_TARNAME}'
dvidir='${docdir}'
exec_prefix='NONE'
host='/home/kali/Documents/42-minishell/readline/readline_out'
host_alias='/home/kali/Documents/42-minishell/readline/readline_out'
host_cpu=''
host_os=''
host_vendor=''
htmldir='${docdir}'
includedir='${prefix}/include'
infodir='${datarootdir}/info'
libdir='${exec_prefix}/lib'
libexecdir='${exec_prefix}/libexec'
localedir='${datarootdir}/locale'
localstatedir='${prefix}/var'
mandir='${datarootdir}/man'
oldincludedir='/usr/include'
pdfdir='${docdir}'
prefix='/home/kali/Desktop/github/42-minishell/readline/readline_out'
program_transform_name='s,x,x,'
psdir='${docdir}'
runstatedir='${localstatedir}/run'
sbindir='${exec_prefix}/sbin'
sharedstatedir='${prefix}/com'
sysconfdir='${prefix}/etc'
target_alias='/home/kali/Documents/42-minishell/readline/readline_out'

## ----------- ##
## confdefs.h. ##
## ----------- ##

/* confdefs.h */
#define PACKAGE_NAME "readline"
#define PACKAGE_TARNAME "readline"
#define PACKAGE_VERSION "8.2"
#define PACKAGE_STRING "readline 8.2"
#define PACKAGE_BUGREPORT "bug-readline@gnu.org"
#define PACKAGE_URL ""

configure: exit 1
